[2018-08-16 13:56:08 CST] <Thread-9>  INFO: Logging to file: C:\Users\Administrator\Documents\GitHub\luluba-back\unpackage\release\H547A4854_0816134955.ipa_1808161356.log
[2018-08-16 13:56:08 CST] <Thread-9>  INFO: Logging configured successfully.
[2018-08-16 13:56:10 CST] <Thread-9>  INFO: iTMSTransporter : iTunes Store Transporter [1.9.8]
[2018-08-16 13:56:10 CST] <Thread-9>  INFO: OS identifier: Windows 10 10.0 (amd64); jvm=25.171-b11; jre=1.8.0_171-b11
[2018-08-16 13:56:10 CST] <Thread-9>  INFO: Memory: [JVM] 129M free, 168M total, 1796M max [System] (Physical) 3295M free, 8076M total (Swap) 3030M free, 9996M total
[2018-08-16 13:56:10 CST] <Thread-9>  INFO: Upload mode selected.
[2018-08-16 13:56:10 CST] <Thread-9>  INFO: Examining the package at: C:\Users\ADMINI~1\AppData\Local\Temp\au\itmsp\1401956520.itmsp
[2018-08-16 13:56:10 CST] <Thread-9>  INFO: Ensuring that package has well formed metadata file...
[2018-08-16 13:56:10 CST] <Thread-9>  INFO: Gathering the list of valid files from the package ...
[2018-08-16 13:56:10 CST] <Thread-9>  INFO: Finished gathering the list of valid files from the package.
[2018-08-16 13:56:10 CST] <Thread-9>  INFO: Verify progress: Analyzing metadata (Step 0/?)
[2018-08-16 13:56:10 CST] <Thread-9>  INFO: Performing authentication of package 1401956520.itmsp ...
[2018-08-16 13:56:10 CST] <Thread-9>  INFO: Verify progress: Analyzing metadata (Step 1/2)
[2018-08-16 13:56:10 CST] <Thread-9>  INFO: id = 20180816135610-990
[2018-08-16 13:56:12 CST] <Thread-9>  INFO: id = 20180816135612-653
[2018-08-16 13:56:15 CST] <Thread-9>  INFO: The list of files requested for upload by Apple is: [metadata.xml, 1401956520.ipa].  These are the files that will be uploaded.
[2018-08-16 13:56:15 CST] <Thread-9>  INFO: Starting media analysis of assets
[2018-08-16 13:56:16 CST] <Thread-9>  INFO: Verify progress: Adding asset to analyze: 1401956520.ipa (Step 2/3)
[2018-08-16 13:56:16 CST] <Thread-9>  INFO: Asset media analysis has completed
[2018-08-16 13:56:16 CST] <Thread-9>  INFO: id = 20180816135616-297
[2018-08-16 13:56:26 CST] <Thread-9>  INFO: Verify progress: Validating assets (Step 3/3)
[2018-08-16 13:56:26 CST] <Thread-9>  INFO: Verify progress: Validating assets (Step 4/3)
[2018-08-16 13:56:26 CST] <Thread-9>  INFO: id = 20180816135626-302
[2018-08-16 13:56:35 CST] <Thread-9>  INFO: The list of files requested for upload by Apple is: [metadata.xml, 1401956520.ipa].  These are the files that will be uploaded.
[2018-08-16 13:56:35 CST] <Thread-9>  INFO: Done performing authentication.
[2018-08-16 13:56:35 CST] <Thread-9>  INFO: The asset replacement verification check is disabled.
[2018-08-16 13:56:35 CST] <Thread-9>  INFO: Checking the file size of the files: [1401956520.ipa]
[2018-08-16 13:56:35 CST] <Thread-9>  INFO: Done checking the file sizes.
[2018-08-16 13:56:35 CST] <Thread-9>  INFO: Checking the md5 checksum of the files: [1401956520.ipa]
[2018-08-16 13:56:35 CST] <Thread-9>  INFO: Done checking the md5 checksum.
[2018-08-16 13:56:35 CST] <Thread-9>  INFO: Preparing to upload package 1401956520.itmsp ...
[2018-08-16 13:56:35 CST] <Thread-9>  INFO: Starting to upload the package's files (1401956520.itmsp) ...
[2018-08-16 13:56:35 CST] <Thread-9>  INFO: Attempting to connect to Apple's webDAV...
[2018-08-16 13:56:36 CST] <Thread-9>  INFO: Successfully connected to Apple's webDAV.
[2018-08-16 13:56:36 CST] <Thread-9>  INFO: Attempting to create the package's folder on Apple's webDAV: /6/ZHB85H39RF/uploading/1401956520-20180815225630-266.itmsp/
[2018-08-16 13:56:37 CST] <Thread-9>  INFO: Successfully created/set the package's folder on Apple's webDAV.
[2018-08-16 13:56:37 CST] <Thread-9>  INFO: Determining which files should be uploaded ...
[2018-08-16 13:56:37 CST] <Thread-9>  INFO: Finished determining which files should be uploaded.
[2018-08-16 13:56:37 CST] <Thread-9>  INFO: Computing total size of files to upload ...
[2018-08-16 13:56:37 CST] <Thread-9>  INFO: Done computing total size of files to upload.
[2018-08-16 13:56:37 CST] <Thread-9>  INFO: Starting upload of file: C:\Users\ADMINI~1\AppData\Local\Temp\au\itmsp\1401956520.itmsp\1401956520.ipa ...
[2018-08-16 13:56:54 CST] <Thread-9>  INFO:      File: 1401956520.ipa 10485760/14330331, 73% completed
[2018-08-16 13:57:10 CST] <Thread-9>  INFO:      File: 1401956520.ipa 14330331/14330331, 100% completed
[2018-08-16 13:57:10 CST] <Thread-9>  INFO:   Successfully uploaded file: C:\Users\ADMINI~1\AppData\Local\Temp\au\itmsp\1401956520.itmsp\1401956520.ipa
[2018-08-16 13:57:11 CST] <Thread-9>  INFO: Package upload progress: 99% completed
[2018-08-16 13:57:11 CST] <Thread-9>  INFO: Finished upload of file: C:\Users\ADMINI~1\AppData\Local\Temp\au\itmsp\1401956520.itmsp\1401956520.ipa.
[2018-08-16 13:57:11 CST] <Thread-9>  INFO: Starting upload of file: C:\Users\ADMINI~1\AppData\Local\Temp\au\itmsp\1401956520.itmsp\metadata.xml ...
[2018-08-16 13:57:11 CST] <Thread-9>  INFO:      File: metadata.xml 524/524, 100% completed
[2018-08-16 13:57:11 CST] <Thread-9>  INFO:   Successfully uploaded file: C:\Users\ADMINI~1\AppData\Local\Temp\au\itmsp\1401956520.itmsp\metadata.xml
[2018-08-16 13:57:12 CST] <Thread-9>  INFO: Package upload progress: 100% completed
[2018-08-16 13:57:12 CST] <Thread-9>  INFO: Finished upload of file: C:\Users\ADMINI~1\AppData\Local\Temp\au\itmsp\1401956520.itmsp\metadata.xml.
[2018-08-16 13:57:12 CST] <Thread-9>  INFO: Gathering list of uploaded files from Apple's webDAV...
[2018-08-16 13:57:12 CST] <Thread-9>  INFO: Done gathering list of uploaded files from Apple's webDAV...
[2018-08-16 13:57:12 CST] <Thread-9>  INFO: Checking if any encryption/compression files are outdated locally ...
[2018-08-16 13:57:12 CST] <Thread-9>  INFO: Finished checking if any encryption/compression files are outdated locally.
[2018-08-16 13:57:12 CST] <Thread-9>  INFO: Confirming that the previously uploaded files were uploaded correctly ...
[2018-08-16 13:57:12 CST] <Thread-9>  INFO: Finished confirming that the previously uploaded files were uploaded correctly.
[2018-08-16 13:57:12 CST] <Thread-9>  INFO: Determining which files were not uploaded ...
[2018-08-16 13:57:12 CST] <Thread-9>  INFO: Finished determining which files were not uploaded.
[2018-08-16 13:57:12 CST] <Thread-9>  INFO: Done performing upload.
[2018-08-16 13:57:12 CST] <Thread-9>  INFO: id = 20180816135712-351
[2018-08-16 13:57:14 CST] <Thread-9>  INFO: Done performing uploadDone notification to Apple.
[2018-08-16 13:57:14 CST] <Thread-9>  INFO: The package: C:\Users\ADMINI~1\AppData\Local\Temp\au\itmsp\1401956520.itmsp has been successfully uploaded.
[2018-08-16 13:57:14 CST] <Thread-9>  INFO: Verify progress: Operation completed (Step 3/3)



Package Summary:
 
1 packages were uploaded successfully:
	C:\Users\ADMINI~1\AppData\Local\Temp\au\itmsp\1401956520.itmsp
